#
# A fatal error has been detected by the Java Runtime Environment:
#
#  EXCEPTION_ACCESS_VIOLATION (0xc0000005) at pc=0x000000005a1fa5d0, pid=15004, tid=7912
#
# JRE version: Java(TM) SE Runtime Environment (8.0_91-b15) (build 1.8.0_91-b15)
# Java VM: Java HotSpot(TM) 64-Bit Server VM (25.91-b15 mixed mode windows-amd64 compressed oops)
# Problematic frame:
# V  [jvm.dll+0x1aa5d0]
#
# Failed to write core dump. Minidumps are not enabled by default on client versions of Windows
#
# If you would like to submit a bug report, please visit:
#   http://bugreport.java.com/bugreport/crash.jsp
#

---------------  T H R E A D  ---------------

Current thread (0x0000000019eec800):  JavaThread "JDWP Transport Listener: dt_socket" daemon [_thread_in_vm, id=7912, stack(0x000000001a6c0000,0x000000001a7c0000)]

siginfo: ExceptionCode=0xc0000005, writing address 0x000000033d276560

Registers:
RAX=0x0000000019f5a5f8, RBX=0x0000000064640a00, RCX=0x000000001a06c780, RDX=0x0000000000000001
RSP=0x000000001a7bf210, RBP=0x000000001a7bf358, RSI=0x0000000100060028, RDI=0x0000000000000009
R8 =0x0000000019eeb370, R9 =0x0000000000000001, R10=0x0000000000000000, R11=0x0000000019f5a5f8
R12=0x000000001a071560, R13=0x000000001a7bf310, R14=0x000000001a7bf358, R15=0x0000000000000009
RIP=0x000000005a1fa5d0, EFLAGS=0x0000000000010206

Top of Stack: (sp=0x000000001a7bf210)
0x000000001a7bf210:   0000000064640a00 000000001a7bf358
0x000000001a7bf220:   0000000100060028 000000005a000c18
0x000000001a7bf230:   0000000019eec800 0000000019ee3590
0x000000001a7bf240:   0000000019eece40 0000000019eece50
0x000000001a7bf250:   0000000019eecf28 00000000000000d8
0x000000001a7bf260:   000000001a7bf630 000000005a2c9c34
0x000000001a7bf270:   0000000000000000 0000000000000000
0x000000001a7bf280:   0000000019ee11e8 00000000d5c9c708
0x000000001a7bf290:   0000000019eec800 000000005a393093
0x000000001a7bf2a0:   000000001a7bf358 000000001a7bf310
0x000000001a7bf2b0:   0000000002f19e90 0000000059ff6c0e
0x000000001a7bf2c0:   0000000019eec800 0000000000000000
0x000000001a7bf2d0:   0000000000000000 0000000000000000
0x000000001a7bf2e0:   0000000000000000 0000000059fe551f
0x000000001a7bf2f0:   000000001a7bf3a0 0000000000000001
0x000000001a7bf300:   0000000019f51f40 000000001a7bf3d0 

Instructions: (pc=0x000000005a1fa5d0)
0x000000005a1fa5b0:   48 8b 8e 80 01 00 00 48 8b 86 a0 01 00 00 48 8b
0x000000005a1fa5c0:   4c f9 08 48 63 5c b8 04 e8 53 1b ef ff 48 ff c7
0x000000005a1fa5d0:   49 89 04 dc 49 3b ff 7c d7 eb 23 45 85 ff 7e 1e
0x000000005a1fa5e0:   48 8b 86 80 01 00 00 48 8b 4c f8 08 e8 2f 1b ef 


Register to memory mapping:

RAX=0x0000000019f5a5f8 is an unknown value
RBX=0x0000000064640a00 is an unknown value
RCX=0x000000001a06c780 is an unknown value
RDX=0x0000000000000001 is an unknown value
RSP=0x000000001a7bf210 is pointing into the stack for thread: 0x0000000019eec800
RBP=0x000000001a7bf358 is pointing into the stack for thread: 0x0000000019eec800
RSI=0x0000000100060028 is pointing into metadata
RDI=0x0000000000000009 is an unknown value
R8 =0x0000000019eeb370 is an unknown value
R9 =0x0000000000000001 is an unknown value
R10=0x0000000000000000 is an unknown value
R11=0x0000000019f5a5f8 is an unknown value
R12=0x000000001a071560 is an unknown value
R13=0x000000001a7bf310 is pointing into the stack for thread: 0x0000000019eec800
R14=0x000000001a7bf358 is pointing into the stack for thread: 0x0000000019eec800
R15=0x0000000000000009 is an unknown value


Stack: [0x000000001a6c0000,0x000000001a7c0000],  sp=0x000000001a7bf210,  free space=1020k
Native frames: (J=compiled Java code, j=interpreted, Vv=VM code, C=native code)
V  [jvm.dll+0x1aa5d0]
V  [jvm.dll+0x343093]
C  [jdwp.dll+0x551f]
C  [jdwp.dll+0xf0a8]
C  [jdwp.dll+0x1f2d5]
C  [jdwp.dll+0x1f4aa]
V  [jvm.dll+0x1bbf38]
V  [jvm.dll+0x243ae4]
V  [jvm.dll+0x29a99a]
C  [msvcr100.dll+0x21d9f]
C  [msvcr100.dll+0x21e3b]
C  [KERNEL32.DLL+0x8364]
C  [ntdll.dll+0x670d1]


---------------  P R O C E S S  ---------------

Java Threads: ( => current thread )
  0x0000000019fa2800 JavaThread "Service Thread" daemon [_thread_blocked, id=9704, stack(0x000000001adc0000,0x000000001aec0000)]
  0x0000000019f0a800 JavaThread "C1 CompilerThread3" daemon [_thread_blocked, id=16100, stack(0x000000001acc0000,0x000000001adc0000)]
  0x0000000019f0a000 JavaThread "C2 CompilerThread2" daemon [_thread_blocked, id=5080, stack(0x000000001abc0000,0x000000001acc0000)]
  0x0000000019f04800 JavaThread "C2 CompilerThread1" daemon [_thread_blocked, id=8516, stack(0x000000001aac0000,0x000000001abc0000)]
  0x0000000019f0f000 JavaThread "C2 CompilerThread0" daemon [_thread_blocked, id=15540, stack(0x000000001a9c0000,0x000000001aac0000)]
  0x0000000019eef800 JavaThread "JDWP Command Reader" daemon [_thread_in_native, id=5640, stack(0x000000001a8c0000,0x000000001a9c0000)]
  0x0000000019eee800 JavaThread "JDWP Event Helper Thread" daemon [_thread_blocked, id=14256, stack(0x000000001a7c0000,0x000000001a8c0000)]
=>0x0000000019eec800 JavaThread "JDWP Transport Listener: dt_socket" daemon [_thread_in_vm, id=7912, stack(0x000000001a6c0000,0x000000001a7c0000)]
  0x0000000019ed9000 JavaThread "Attach Listener" daemon [_thread_blocked, id=12264, stack(0x000000001a5c0000,0x000000001a6c0000)]
  0x0000000019ed8000 JavaThread "Signal Dispatcher" daemon [_thread_blocked, id=15308, stack(0x000000001a4c0000,0x000000001a5c0000)]
  0x0000000019ed0800 JavaThread "Finalizer" daemon [_thread_blocked, id=6648, stack(0x000000001a2b0000,0x000000001a3b0000)]
  0x0000000003019000 JavaThread "Reference Handler" daemon [_thread_blocked, id=2920, stack(0x0000000019db0000,0x0000000019eb0000)]
  0x0000000002f1e000 JavaThread "main" [_thread_blocked, id=7468, stack(0x0000000002dd0000,0x0000000002ed0000)]

Other Threads:
  0x0000000017fd9000 VMThread [stack: 0x0000000019cb0000,0x0000000019db0000] [id=1700]
  0x0000000019f5b800 WatcherThread [stack: 0x000000001aec0000,0x000000001afc0000] [id=6492]

VM state:not at safepoint (normal execution)

VM Mutex/Monitor currently owned by a thread: None

Heap:
 PSYoungGen      total 38400K, used 3328K [0x00000000d5c00000, 0x00000000d8680000, 0x0000000100000000)
  eden space 33280K, 10% used [0x00000000d5c00000,0x00000000d5f40048,0x00000000d7c80000)
  from space 5120K, 0% used [0x00000000d8180000,0x00000000d8180000,0x00000000d8680000)
  to   space 5120K, 0% used [0x00000000d7c80000,0x00000000d7c80000,0x00000000d8180000)
 ParOldGen       total 87552K, used 0K [0x0000000081400000, 0x0000000086980000, 0x00000000d5c00000)
  object space 87552K, 0% used [0x0000000081400000,0x0000000081400000,0x0000000086980000)
 Metaspace       used 3511K, capacity 5112K, committed 5376K, reserved 1056768K
  class space    used 337K, capacity 424K, committed 512K, reserved 1048576K

Card table byte_map: [0x00000000123e0000,0x00000000127e0000] byte_map_base: 0x0000000011fd6000

Marking Bits: (ParMarkBitMap*) 0x000000005a862f70
 Begin Bits: [0x0000000013290000, 0x0000000015240000)
 End Bits:   [0x0000000015240000, 0x00000000171f0000)

Polling page: 0x00000000015e0000

CodeCache: size=245760Kb used=1307Kb max_used=1307Kb free=244452Kb
 bounds [0x0000000003020000, 0x0000000003290000, 0x0000000012020000]
 total_blobs=343 nmethods=106 adapters=158
 compilation: enabled

Compilation events (10 events):
Event: 2023.409 Thread 0x0000000019f0a800  102       3       java.lang.Long::numberOfTrailingZeros (116 bytes)
Event: 2023.409 Thread 0x0000000019f0a800 nmethod 102 0x000000000315ff90 code [0x0000000003160100, 0x0000000003160410]
Event: 3079.442 Thread 0x0000000019f0a800  103       3       java.lang.String::valueOf (14 bytes)
Event: 3079.442 Thread 0x0000000019f0a800 nmethod 103 0x0000000003160490 code [0x0000000003160600, 0x0000000003160868]
Event: 3330.467 Thread 0x0000000019f0a800  104       3       sun.misc.FloatingDecimal$BinaryToASCIIBuffer::dtoa (1509 bytes)
Event: 3330.475 Thread 0x0000000019f0a800 nmethod 104 0x0000000003160910 code [0x0000000003160d60, 0x0000000003163718]
Event: 6813.291 Thread 0x0000000019f0a800  105       3       java.util.HashMap::getNode (148 bytes)
Event: 6813.292 Thread 0x0000000019f0a800 nmethod 105 0x0000000003165e10 code [0x0000000003165fe0, 0x00000000031669a8]
Event: 7043.780 Thread 0x0000000019f0a800  106       3       java.lang.StringBuilder::append (9 bytes)
Event: 7043.780 Thread 0x0000000019f0a800 nmethod 106 0x0000000003166cd0 code [0x0000000003166e60, 0x0000000003167258]

GC Heap History (0 events):
No events

Deoptimization events (0 events):
No events

Internal exceptions (2 events):
Event: 0.027 Thread 0x0000000002f1e000 Exception <a 'java/lang/NoSuchMethodError': Method sun.misc.Unsafe.defineClass(Ljava/lang/String;[BII)Ljava/lang/Class; name or signature does not match> (0x00000000d5c07cc0) thrown at [C:\re\workspace\8-2-build-windows-amd64-cygwin\jdk8u91\7017\hotspot\sr”Ám<“‡õ?
Event: 0.027 Thread 0x0000000002f1e000 Exception <a 'java/lang/NoSuchMethodError': Method sun.misc.Unsafe.prefetchRead(Ljava/lang/Object;J)V name or signature does not match> (0x00000000d5c07fa8) thrown at [C:\re\workspace\8-2-build-windows-amd64-cygwin\jdk8u91\7017\hotspot\src\share\vm\prims\j

Events (10 events):
Event: 7043.780 Executing VM operation: ForceSafepoint
Event: 7043.780 Executing VM operation: ForceSafepoint done
Event: 7043.781 Executing VM operation: ForceSafepoint
Event: 7043.781 Executing VM operation: ForceSafepoint done
Event: 7043.783 Executing VM operation: ForceSafepoint
Event: 7043.783 Executing VM operation: ForceSafepoint done
Event: 7043.785 Executing VM operation: ForceSafepoint
Event: 7043.785 Executing VM operation: ForceSafepoint done
Event: 7043.785 Executing VM operation: ForceSafepoint
Event: 7043.785 Executing VM operation: ForceSafepoint done


Dynamic libraries:
0x00007ff66eee0000 - 0x00007ff66ef17000 	C:\Program Files\Java\jdk1.8.0_91\bin\java.exe
0x00007ffd33940000 - 0x00007ffd33b11000 	C:\WINDOWS\SYSTEM32\ntdll.dll
0x00007ffd32b40000 - 0x00007ffd32beb000 	C:\WINDOWS\System32\KERNEL32.DLL
0x00007ffd30810000 - 0x00007ffd30a2d000 	C:\WINDOWS\System32\KERNELBASE.dll
0x00007ffd326b0000 - 0x00007ffd32752000 	C:\WINDOWS\System32\ADVAPI32.dll
0x00007ffd30ed0000 - 0x00007ffd30f6e000 	C:\WINDOWS\System32\msvcrt.dll
0x00007ffd32760000 - 0x00007ffd327b9000 	C:\WINDOWS\System32\sechost.dll
0x00007ffd33210000 - 0x00007ffd33331000 	C:\WINDOWS\System32\RPCRT4.dll
0x00007ffd333a0000 - 0x00007ffd33505000 	C:\WINDOWS\System32\USER32.dll
0x00007ffd2fe90000 - 0x00007ffd2feae000 	C:\WINDOWS\System32\win32u.dll
0x00007ffd31090000 - 0x00007ffd310c4000 	C:\WINDOWS\System32\GDI32.dll
0x00007ffd30cf0000 - 0x00007ffd30e72000 	C:\WINDOWS\System32\gdi32full.dll
0x00007ffd27440000 - 0x00007ffd276b9000 	C:\WINDOWS\WinSxS\amd64_microsoft.windows.common-controls_6595b64144ccf1df_6.0.14393.447_none_42191651c6827bb3\COMCTL32.dll
0x00007ffd32e60000 - 0x00007ffd33128000 	C:\WINDOWS\System32\combase.dll
0x00007ffd30bf0000 - 0x00007ffd30ce5000 	C:\WINDOWS\System32\ucrtbase.dll
0x00007ffd30b80000 - 0x00007ffd30bea000 	C:\WINDOWS\System32\bcryptPrimitives.dll
0x00007ffd32bf0000 - 0x00007ffd32c1e000 	C:\WINDOWS\System32\IMM32.DLL
0x000000005b4d0000 - 0x000000005b5a2000 	C:\Program Files\Java\jdk1.8.0_91\jre\bin\msvcr100.dll
0x000000005a050000 - 0x000000005a8e3000 	C:\Program Files\Java\jdk1.8.0_91\jre\bin\server\jvm.dll
0x00007ffd327c0000 - 0x00007ffd327c8000 	C:\WINDOWS\System32\PSAPI.DLL
0x00007ffd29d00000 - 0x00007ffd29d0a000 	C:\WINDOWS\SYSTEM32\VERSION.dll
0x00007ffd2b090000 - 0x00007ffd2b099000 	C:\WINDOWS\SYSTEM32\WSOCK32.dll
0x00007ffd2d9d0000 - 0x00007ffd2d9f3000 	C:\WINDOWS\SYSTEM32\WINMM.dll
0x00007ffd32ad0000 - 0x00007ffd32b3a000 	C:\WINDOWS\System32\WS2_32.dll
0x00000000015b0000 - 0x00000000015db000 	C:\WINDOWS\SYSTEM32\WINMMBASE.dll
0x00007ffd30e80000 - 0x00007ffd30ec2000 	C:\WINDOWS\System32\cfgmgr32.dll
0x000000005be70000 - 0x000000005be7f000 	C:\Program Files\Java\jdk1.8.0_91\jre\bin\verify.dll
0x000000005b4a0000 - 0x000000005b4c9000 	C:\Program Files\Java\jdk1.8.0_91\jre\bin\java.dll
0x0000000059fe0000 - 0x000000005a015000 	C:\Program Files\Java\jdk1.8.0_91\jre\bin\jdwp.dll
0x000000005be60000 - 0x000000005be68000 	C:\Program Files\Java\jdk1.8.0_91\jre\bin\npt.dll
0x000000005b480000 - 0x000000005b496000 	C:\Program Files\Java\jdk1.8.0_91\jre\bin\zip.dll
0x00007ffd311a0000 - 0x00007ffd326a9000 	C:\WINDOWS\System32\SHELL32.dll
0x00007ffd30130000 - 0x00007ffd3080a000 	C:\WINDOWS\System32\windows.storage.dll
0x00007ffd2fde0000 - 0x00007ffd2fe2c000 	C:\WINDOWS\System32\powrprof.dll
0x00007ffd310d0000 - 0x00007ffd31122000 	C:\WINDOWS\System32\shlwapi.dll
0x00007ffd2fdd0000 - 0x00007ffd2fddf000 	C:\WINDOWS\System32\kernel.appcore.dll
0x00007ffd2feb0000 - 0x00007ffd2ff59000 	C:\WINDOWS\System32\shcore.dll
0x00007ffd2fdb0000 - 0x00007ffd2fdc4000 	C:\WINDOWS\System32\profapi.dll
0x000000005b470000 - 0x000000005b479000 	C:\Program Files\Java\jdk1.8.0_91\jre\bin\dt_socket.dll
0x00007ffd2f600000 - 0x00007ffd2f65c000 	C:\WINDOWS\system32\mswsock.dll
0x00007ffd229d0000 - 0x00007ffd22b62000 	C:\WINDOWS\SYSTEM32\dbghelp.dll

VM Arguments:
jvm_args: -agentlib:jdwp=transport=dt_socket,address=127.0.0.1:57887,suspend=y,server=n -Dfile.encoding=UTF-8 
java_command: SpaceInvaders
java_class_path (initial): C:\Program Files\Java\jdk1.8.0_91\jre\lib\charsets.jar;C:\Program Files\Java\jdk1.8.0_91\jre\lib\deploy.jar;C:\Program Files\Java\jdk1.8.0_91\jre\lib\ext\access-bridge-64.jar;C:\Program Files\Java\jdk1.8.0_91\jre\lib\ext\cldrdata.jar;C:\Program Files\Java\jdk1.8.0_91\jre\lib\ext\dnsns.jar;C:\Program Files\Java\jdk1.8.0_91\jre\lib\ext\jaccess.jar;C:\Program Files\Java\jdk1.8.0_91\jre\lib\ext\jfxrt.jar;C:\Program Files\Java\jdk1.8.0_91\jre\lib\ext\localedata.jar;C:\Program Files\Java\jdk1.8.0_91\jre\lib\ext\nashorn.jar;C:\Program Files\Java\jdk1.8.0_91\jre\lib\ext\sunec.jar;C:\Program Files\Java\jdk1.8.0_91\jre\lib\ext\sunjce_provider.jar;C:\Program Files\Java\jdk1.8.0_91\jre\lib\ext\sunmscapi.jar;C:\Program Files\Java\jdk1.8.0_91\jre\lib\ext\sunpkcs11.jar;C:\Program Files\Java\jdk1.8.0_91\jre\lib\ext\zipfs.jar;C:\Program Files\Java\jdk1.8.0_91\jre\lib\javaws.jar;C:\Program Files\Java\jdk1.8.0_91\jre\lib\jce.jar;C:\Program Files\Java\jdk1.8.0_91\jre\lib\jfr.jar;C:\Program Files\Java\jdk1.8.0_91\jre\lib\jfxswt.jar;C:\Program Files\Java\jdk1.8.0_91\jre\lib\jsse.jar;C:\Program Files\Java\jdk1.8.0_91\jre\lib\management-agent.jar;C:\Program Files\Java\jdk1.8.0_91\jre\lib\plugin.jar;C:\Program Files\Java\jdk1.8.0_91\jre\lib\resources.jar;C:\Program Files\Java\jdk1.8.0_91\jre\lib\rt.jar;C:\Users\MZK\IdeaProjects\1A_JAVA_TP1\out\production\1A_JAVA_TP1;D:\Programs\IDE\IntelliJ IDEA 2016.3.1\lib\idea_rt.jar
Launcher Type: SUN_STANDARD

Environment Variables:
PATH=C:\ProgramData\Oracle\Java\javapath;C:\WINDOWS\system32;C:\WINDOWS;C:\WINDOWS\System32\Wbem;C:\WINDOWS\System32\WindowsPowerShell\v1.0\;C:\Program Files (x86)\Skype\Phone\;C:\Program Files\Microsoft SQL Server\130\Tools\Binn\;C:\wamp\bin\php\php5.6.25;C:\WINDOWS\system32\config\systemprofile\.dnx\bin;C:\Program Files\Microsoft DNX\Dnvm\;C:\Program Files\nodejs\;C:\Ruby23-x64\bin;C:\TDM-GCC-32\bin;C:\Program Files\MySQL\MySQL Utilities 1.6\;C:\Program Files\Git\cmd;C:\Users\MZK\AppData\Roaming\npm;C:\Program Files\Docker Toolbox;C:\Users\MZK\AppData\Local\Microsoft\WindowsApps;C:\Users\MZK\AppData\Local\atom\bin;C:\Program Files (x86)\Microsoft VS Code\bin
USERNAME=MZK
OS=Windows_NT
PROCESSOR_IDENTIFIER=Intel64 Family 6 Model 71 Stepping 1, GenuineIntel



---------------  S Y S T E M  ---------------

OS: Windows 10.0 , 64 bit Build 14393 (10.0.14393.0)

CPU:total 8 (4 cores per cpu, 2 threads per core) family 6 model 71 stepping 1, cmov, cx8, fxsr, mmx, sse, sse2, sse3, ssse3, sse4.1, sse4.2, popcnt, avx, avx2, aes, clmul, erms, 3dnowpref, lzcnt, ht, tsc, tscinvbit, bmi1, bmi2, adx

Memory: 4k page, physical 8301760k(3870396k free), swap 11462084k(4081144k free)

vm_info: Java HotSpot(TM) 64-Bit Server VM (25.91-b15) for windows-amd64 JRE (1.8.0_91-b15), built on May 20 2016 17:43:15 by "java_re" with MS VC++ 10.0 (VS2010)

time: Fri Jan 06 13:28:29 2017
elapsed time: 7277 seconds (0d 2h 1m 17s)

